============================= test session starts =============================
platform win32 -- Python 3.14.7, pytest-9.1.1, pluggy-1.6.0 -- D:\mongdee2\MongDee\.venv\Scripts\python.exe
cachedir: .pytest_cache
rootdir: D:\mongdee2\MongDee
configfile: pytest.ini
plugins: anyio-4.15.1
collecting ... collected 620 items / 7 deselected / 613 selected

tests/backend/test_adaptive.py::test_reduces_fps_before_resolution_when_cpu_high PASSED [  0%]
tests/backend/test_adaptive.py::test_reduces_resolution_once_fps_is_at_floor PASSED [  0%]
tests/backend/test_adaptive.py::test_high_latency_alone_triggers_backoff_even_with_low_cpu PASSED [  0%]
tests/backend/test_adaptive.py::test_restores_resolution_before_fps_once_load_is_normal PASSED [  0%]
tests/backend/test_adaptive.py::test_never_reduces_fps_below_configured_minimum PASSED [  0%]
tests/backend/test_adaptive.py::test_never_exceeds_configured_maximum_fps PASSED [  0%]
tests/backend/test_api.py::test_dashboard_page_served PASSED             [  1%]
tests/backend/test_api.py::test_designer_page_served PASSED              [  1%]
tests/backend/test_api.py::test_dashboard_config_js_served_with_javascript_content_type PASSED [  1%]
tests/backend/test_api.py::test_health_and_read_endpoints PASSED         [  1%]
tests/backend/test_api.py::test_api_key_enforced PASSED                  [  1%]
tests/backend/test_api.py::test_api_key_accepted_via_query_param_for_img_tag_use PASSED [  1%]
tests/backend/test_api.py::test_role_based_access PASSED                 [  2%]
tests/backend/test_api.py::test_live_state_in_responses PASSED           [  2%]
tests/backend/test_api.py::test_ws_events_stream PASSED                  [  2%]
tests/backend/test_api.py::test_ws_events_requires_key_when_set PASSED   [  2%]
tests/backend/test_api_spatial.py::test_designer_page_served PASSED      [  2%]
tests/backend/test_api_spatial.py::test_layout_crud_and_versioning PASSED [  2%]
tests/backend/test_api_spatial.py::test_layout_validation_rejects_bad_object PASSED [  3%]
tests/backend/test_api_spatial.py::test_product_endpoints PASSED         [  3%]
tests/backend/test_api_spatial.py::test_movement_and_interest_endpoints PASSED [  3%]
tests/backend/test_api_spatial.py::test_live_map_and_heatmap_without_analytics PASSED [  3%]
tests/backend/test_api_spatial.py::test_live_map_with_analytics PASSED   [  3%]
tests/backend/test_camera_agent_api.py::test_register_and_frame_without_remote_frames_returns_503 PASSED [  3%]
tests/backend/test_camera_agent_api.py::test_register_camera_creates_db_row_and_receiver_entry PASSED [  4%]
tests/backend/test_camera_agent_api.py::test_register_camera_requires_camera_id PASSED [  4%]
tests/backend/test_camera_agent_api.py::test_register_and_operator_role_enforced PASSED [  4%]
tests/backend/test_camera_agent_api.py::test_frame_ingest_requires_registration_first PASSED [  4%]
tests/backend/test_camera_agent_api.py::test_frame_ingest_accepts_registered_camera_and_updates_receiver PASSED [  4%]
tests/backend/test_camera_agent_api.py::test_frame_ingest_rejects_undecodable_payload PASSED [  4%]
tests/backend/test_camera_agent_api.py::test_stream_without_frame_source_returns_503 PASSED [  5%]
tests/backend/test_camera_agent_api.py::test_stream_unknown_camera_returns_404 PASSED [  5%]
tests/backend/test_camera_agent_api.py::test_mjpeg_chunks_generator_serves_latest_frame_as_jpeg PASSED [  5%]
tests/backend/test_camera_agent_api.py::test_mjpeg_chunks_generator_skips_iterations_with_no_frame_yet PASSED [  5%]
tests/backend/test_camera_agent_api.py::test_health_bare_path_alias PASSED [  5%]
tests/backend/test_camera_agent_api.py::test_metrics_endpoint_reports_hardware_and_remote_cameras PASSED [  5%]
tests/backend/test_camera_agent_api.py::test_cors_headers_present_on_response PASSED [  6%]
tests/backend/test_camera_agent_api.py::test_stream_route_404_check_uses_composite_camera_ids PASSED [  6%]
tests/backend/test_config.py::test_defaults_when_sections_missing PASSED [  6%]
tests/backend/test_config.py::test_loads_the_checked_in_example PASSED   [  6%]
tests/backend/test_config.py::test_env_var_substitution PASSED           [  6%]
tests/backend/test_config.py::test_unknown_field_in_subconfig_rejected PASSED [  6%]
tests/backend/test_config.py::test_duplicate_camera_id_rejected PASSED   [  7%]
tests/backend/test_database.py::test_migrations_applied PASSED           [  7%]
tests/backend/test_database.py::test_migrations_are_idempotent PASSED    [  7%]
tests/backend/test_database.py::test_upsert_camera_and_status PASSED     [  7%]
tests/backend/test_database.py::test_upsert_global_person_merges_seen_times PASSED [  7%]
tests/backend/test_database.py::test_insert_and_query_events PASSED      [  7%]
tests/backend/test_database.py::test_stats_aggregation PASSED            [  7%]
tests/backend/test_database.py::test_insert_embedding_roundtrip PASSED   [  8%]
tests/backend/test_database.py::test_insert_detections_batch PASSED      [  8%]
tests/backend/test_remote_frames.py::test_ingest_requires_prior_registration PASSED [  8%]
tests/backend/test_remote_frames.py::test_register_then_ingest_frame_succeeds PASSED [  8%]
tests/backend/test_remote_frames.py::test_out_of_order_or_stale_sequence_is_dropped_not_applied PASSED [  8%]
tests/backend/test_remote_frames.py::test_latest_frame_wins_never_queues PASSED [  8%]
tests/backend/test_remote_frames.py::test_status_transitions_reported_via_callback PASSED [  9%]
tests/backend/test_remote_frames.py::test_sweep_stale_marks_quiet_camera_offline PASSED [  9%]
tests/backend/test_remote_frames.py::test_sweep_stale_is_a_noop_for_fresh_cameras PASSED [  9%]
tests/backend/test_remote_frames.py::test_unregister_removes_camera_and_frame PASSED [  9%]
tests/backend/test_remote_frames.py::test_composite_frame_source_merges_camera_ids PASSED [  9%]
tests/backend/test_remote_frames.py::test_composite_frame_source_reads_from_the_right_source PASSED [  9%]
tests/backend/test_sink.py::test_sink_persists_new_person_event PASSED   [ 10%]
tests/backend/test_sink.py::test_sink_records_camera_transition PASSED   [ 10%]
tests/backend/test_sink.py::test_sink_swallows_db_errors PASSED          [ 10%]
tests/backend/test_sink.py::test_sink_detection_logging_is_sampled PASSED [ 10%]
tests/camera/test_base.py::test_from_dict_minimal PASSED                 [ 10%]
tests/camera/test_base.py::test_from_dict_protocol_case_insensitive PASSED [ 10%]
tests/camera/test_base.py::test_from_dict_missing_id PASSED              [ 11%]
tests/camera/test_base.py::test_from_dict_missing_protocol PASSED        [ 11%]
tests/camera/test_base.py::test_from_dict_unknown_protocol PASSED        [ 11%]
tests/camera/test_base.py::test_from_dict_unknown_field_rejected PASSED  [ 11%]
tests/camera/test_base.py::test_config_is_frozen PASSED                  [ 11%]
tests/camera/test_base.py::test_redact_url_never_leaks_credentials[rtsp://admin:secret@192.168.1.64:554/ch1-rtsp://***@192.168.1.64:554/ch1] PASSED [ 11%]
tests/camera/test_base.py::test_redact_url_never_leaks_credentials[rtsp://192.168.1.64:554/ch1-rtsp://192.168.1.64:554/ch1] PASSED [ 12%]
tests/camera/test_base.py::test_redact_url_never_leaks_credentials[http://192.168.1.66/video-http://192.168.1.66/video] PASSED [ 12%]
tests/camera/test_base.py::test_redact_url_never_leaks_credentials[http://user:pw@192.168.1.66/video-http://***@192.168.1.66/video] PASSED [ 12%]
tests/camera/test_base.py::test_redact_url_never_leaks_credentials[not-a-url-not-a-url] PASSED [ 12%]
tests/camera/test_base.py::test_frame_dataclass PASSED                   [ 12%]
tests/camera/test_config.py::test_load_camera_configs_object_form PASSED [ 12%]
tests/camera/test_config.py::test_load_camera_configs_bare_list_form PASSED [ 13%]
tests/camera/test_config.py::test_load_camera_configs_example_file_is_valid PASSED [ 13%]
tests/camera/test_config.py::test_load_camera_configs_duplicate_id_rejected PASSED [ 13%]
tests/camera/test_config.py::test_load_camera_configs_bad_json PASSED    [ 13%]
tests/camera/test_config.py::test_load_camera_configs_wrong_shape PASSED [ 13%]
tests/camera/test_config.py::test_load_camera_configs_missing_file PASSED [ 13%]
tests/camera/test_gateway.py::test_frames_flow_through_and_status_goes_online PASSED [ 14%]
tests/camera/test_gateway.py::test_fps_throttling_bounds_forwarded_frame_rate PASSED [ 14%]
tests/camera/test_gateway.py::test_reconnect_after_repeated_read_failures PASSED [ 14%]
tests/camera/test_gateway.py::test_connect_failure_retries_with_backoff PASSED [ 14%]
tests/camera/test_gateway.py::test_stop_all_halts_frame_delivery_and_releases_source PASSED [ 14%]
tests/camera/test_gateway.py::test_multiple_cameras_run_independently PASSED [ 14%]
tests/camera/test_gateway.py::test_add_camera_duplicate_id_rejected PASSED [ 15%]
tests/camera/test_gateway.py::test_disabled_camera_not_started_by_default PASSED [ 15%]
tests/camera/test_hls_camera.py::test_open_and_read PASSED               [ 15%]
tests/camera/test_hls_camera.py::test_open_failure_raises PASSED         [ 15%]
tests/camera/test_hls_camera.py::test_missing_url_raises_at_construction PASSED [ 15%]
tests/camera/test_http_camera.py::test_parse_boundary PASSED             [ 15%]
tests/camera/test_http_camera.py::test_mjpeg_stream_end_to_end PASSED    [ 15%]
tests/camera/test_http_camera.py::test_mjpeg_stream_end_raises_connection_error PASSED [ 16%]
tests/camera/test_http_camera.py::test_snapshot_mode_end_to_end PASSED   [ 16%]
tests/camera/test_http_camera.py::test_open_rejects_non_multipart_content_type PASSED [ 16%]
tests/camera/test_http_camera.py::test_connection_refused_raises PASSED  [ 16%]
tests/camera/test_http_camera.py::test_missing_url_raises_at_construction PASSED [ 16%]
tests/camera/test_http_camera.py::test_invalid_http_mode_rejected PASSED [ 16%]
tests/camera/test_http_camera.py::test_gateway_snapshot_polling_respects_fps_target PASSED [ 17%]
tests/camera/test_onvif.py::test_resolve_stream_url_end_to_end PASSED    [ 17%]
tests/camera/test_onvif.py::test_resolve_stream_url_wrong_password_rejected PASSED [ 17%]
tests/camera/test_onvif.py::test_resolve_stream_url_requires_host PASSED [ 17%]
tests/camera/test_onvif.py::test_onvifcamera_end_to_end_via_gateway_adapter PASSED [ 17%]
tests/camera/test_onvif.py::test_onvifcamera_skips_resolution_when_url_given PASSED [ 17%]
tests/camera/test_onvif.py::test_parse_probe_match PASSED                [ 18%]
tests/camera/test_onvif.py::test_parse_probe_match_invalid_xml_returns_none PASSED [ 18%]
tests/camera/test_onvif.py::test_parse_probe_match_missing_xaddrs_returns_none PASSED [ 18%]
tests/camera/test_rtsp_camera.py::test_open_and_read PASSED              [ 18%]
tests/camera/test_rtsp_camera.py::test_open_failure_message_redacts_credentials PASSED [ 18%]
tests/camera/test_rtsp_camera.py::test_read_failure_message_redacts_credentials PASSED [ 18%]
tests/camera/test_rtsp_camera.py::test_missing_url_raises_at_construction PASSED [ 19%]
tests/camera/test_rtsp_camera.py::test_url_override_used_over_config_url PASSED [ 19%]
tests/camera/test_usb_camera.py::test_open_and_read PASSED               [ 19%]
tests/camera/test_usb_camera.py::test_open_failure_raises PASSED         [ 19%]
tests/camera/test_usb_camera.py::test_read_failure_raises PASSED         [ 19%]
tests/camera/test_usb_camera.py::test_read_before_open_raises PASSED     [ 19%]
tests/camera/test_usb_camera.py::test_release_is_idempotent PASSED       [ 20%]
tests/camera/test_usb_camera.py::test_requested_resolution_is_applied PASSED [ 20%]
tests/camera_agent/test_client.py::test_registers_before_pushing_any_frame PASSED [ 20%]
tests/camera_agent/test_client.py::test_frames_are_pushed_with_incrementing_sequence PASSED [ 20%]
tests/camera_agent/test_client.py::test_never_sends_more_frames_than_captured_and_drops_under_slow_network PASSED [ 20%]
tests/camera_agent/test_client.py::test_registration_failure_is_retried_until_success PASSED [ 20%]
tests/camera_agent/test_client.py::test_unreachable_camera_never_crashes_the_agent PASSED [ 21%]
tests/camera_agent/test_client.py::test_stop_joins_sender_threads PASSED [ 21%]
tests/camera_agent/test_config.py::test_load_minimal_config PASSED       [ 21%]
tests/camera_agent/test_config.py::test_load_full_config PASSED          [ 21%]
tests/camera_agent/test_config.py::test_requires_at_least_one_camera PASSED [ 21%]
tests/camera_agent/test_config.py::test_rejects_duplicate_camera_ids PASSED [ 21%]
tests/camera_agent/test_config.py::test_rejects_unknown_fields PASSED    [ 22%]
tests/camera_agent/test_config.py::test_env_var_substitution PASSED      [ 22%]
tests/camera_agent/test_config.py::test_missing_file_raises_value_error PASSED [ 22%]
tests/camera_agent/test_config.py::test_shipped_example_config_loads PASSED [ 22%]
tests/core/test_attributes.py::test_to_age_category_child PASSED         [ 22%]
tests/core/test_attributes.py::test_to_age_category_adult PASSED         [ 22%]
tests/core/test_attributes.py::test_to_age_category_unknown PASSED       [ 23%]
tests/core/test_attributes.py::test_yunet_detector_no_faces_returns_none PASSED [ 23%]
tests/core/test_attributes.py::test_yunet_detector_empty_crop_returns_none PASSED [ 23%]
tests/core/test_attributes.py::test_yunet_detector_picks_highest_score_face PASSED [ 23%]
tests/core/test_attributes.py::test_yunet_detector_rejects_faces_below_min_size PASSED [ 23%]
tests/core/test_attributes.py::test_face_quality_rejects_flat_dark_image PASSED [ 23%]
tests/core/test_attributes.py::test_face_quality_rejects_blown_out_image PASSED [ 23%]
tests/core/test_attributes.py::test_face_quality_rejects_empty_crop PASSED [ 24%]
tests/core/test_attributes.py::test_face_quality_accepts_textured_midtone_image PASSED [ 24%]
tests/core/test_attributes.py::test_backend_loads_matching_checkpoint_shape PASSED [ 24%]
tests/core/test_attributes.py::test_backend_rejects_mismatched_checkpoint_shape PASSED [ 24%]
tests/core/test_attributes.py::test_no_face_detected_returns_unknown PASSED [ 24%]
tests/core/test_attributes.py::test_empty_crop_returns_unknown_without_crashing PASSED [ 24%]
tests/core/test_attributes.py::test_valid_face_crop_produces_a_prediction PASSED [ 25%]
tests/core/test_attributes.py::test_predict_face_parsing_slices_logits_correctly PASSED [ 25%]
tests/core/test_attributes.py::test_smoother_single_sample_below_floor_stays_unknown PASSED [ 25%]
tests/core/test_attributes.py::test_smoother_confident_sample_reported PASSED [ 25%]
tests/core/test_attributes.py::test_smoother_dominant_prediction_wins_conflicting_samples PASSED [ 25%]
tests/core/test_attributes.py::test_smoother_stale_person_get_without_samples_returns_unknown PASSED [ 25%]
tests/core/test_attributes.py::test_smoother_forget_clears_person_state PASSED [ 26%]
tests/core/test_attributes.py::test_smoother_confidence_aggregation_is_mean_of_agreeing_votes PASSED [ 26%]
tests/core/test_attributes.py::test_sampler_gates_small_bbox PASSED      [ 26%]
tests/core/test_attributes.py::test_sampler_gates_young_track PASSED     [ 26%]
tests/core/test_attributes.py::test_sampler_throttles_by_global_id_not_track PASSED [ 26%]
tests/core/test_attributes.py::test_sampler_forget_clears_throttle PASSED [ 26%]
tests/core/test_attributes.py::test_labels_match_spec_exactly PASSED     [ 27%]
tests/core/test_booth_sessions.py::test_entry_opens_a_session PASSED     [ 27%]
tests/core/test_booth_sessions.py::test_exit_closes_the_session_and_computes_dwell_from_real_timestamps PASSED [ 27%]
tests/core/test_booth_sessions.py::test_duplicate_entry_for_someone_already_inside_is_a_no_op PASSED [ 27%]
tests/core/test_booth_sessions.py::test_exit_with_nothing_open_is_a_no_op PASSED [ 27%]
tests/core/test_booth_sessions.py::test_note_camera_seen_adds_camera_to_open_session_without_a_crossing PASSED [ 27%]
tests/core/test_booth_sessions.py::test_note_camera_seen_with_no_open_session_is_a_no_op PASSED [ 28%]
tests/core/test_booth_sessions.py::test_cross_camera_visit_survives_a_camera_switch_before_exit PASSED [ 28%]
tests/core/test_booth_sessions.py::test_independent_people_get_independent_sessions PASSED [ 28%]
tests/core/test_booth_sessions.py::test_session_ids_are_unique_across_open_and_closed_sessions PASSED [ 28%]
tests/core/test_booth_sessions_db.py::test_log_tripwire_crossing_stores_global_person_id PASSED [ 28%]
tests/core/test_booth_sessions_db.py::test_log_tripwire_crossing_without_global_person_id_is_null PASSED [ 28%]
tests/core/test_booth_sessions_db.py::test_open_then_close_booth_session PASSED [ 29%]
tests/core/test_booth_sessions_db.py::test_update_booth_session_cameras_only_touches_active_sessions PASSED [ 29%]
tests/core/test_booth_sessions_db.py::test_booth_session_stats_separates_active_from_dwell_averages PASSED [ 29%]
tests/core/test_booth_sessions_db.py::test_booth_sessions_scoped_by_booth PASSED [ 29%]
tests/core/test_booth_sessions_db.py::test_delete_scope_data_clears_booth_sessions PASSED [ 29%]
tests/core/test_camera_identity.py::test_list_directshow_devices_empty_on_non_windows PASSED [ 29%]
tests/core/test_camera_identity.py::test_list_directshow_devices_empty_when_pygrabber_missing PASSED [ 30%]
tests/core/test_camera_identity.py::test_list_directshow_devices_returns_enumeration_order PASSED [ 30%]
tests/core/test_camera_identity.py::test_is_virtual_camera_name PASSED   [ 30%]
tests/core/test_camera_identity.py::test_normalize_device_key_int_and_str_index_are_equal PASSED [ 30%]
tests/core/test_camera_identity.py::test_normalize_device_key_distinguishes_different_indices PASSED [ 30%]
tests/core/test_camera_identity.py::test_normalize_device_key_non_numeric_device_is_case_insensitive_string PASSED [ 30%]
tests/core/test_camera_identity.py::test_normalize_device_key_never_conflates_index_with_path PASSED [ 30%]
tests/core/test_camera_identity.py::test_list_pnp_camera_devices_empty_on_non_windows PASSED [ 31%]
tests/core/test_camera_identity.py::test_list_pnp_camera_devices_empty_when_powershell_fails PASSED [ 31%]
tests/core/test_camera_identity.py::test_list_pnp_camera_devices_empty_on_subprocess_exception PASSED [ 31%]
tests/core/test_camera_identity.py::test_list_pnp_camera_devices_parses_single_object_json PASSED [ 31%]
tests/core/test_camera_identity.py::test_list_pnp_camera_devices_parses_array_json PASSED [ 31%]
tests/core/test_camera_identity.py::test_list_pnp_camera_devices_empty_on_malformed_json PASSED [ 31%]
tests/core/test_camera_identity.py::test_parse_instance_id_extracts_vid_pid PASSED [ 32%]
tests/core/test_camera_identity.py::test_parse_instance_id_synthesized_suffix_is_not_a_serial PASSED [ 32%]
tests/core/test_camera_identity.py::test_parse_instance_id_real_serial_has_no_ampersand PASSED [ 32%]
tests/core/test_camera_identity.py::test_parse_instance_id_none_input PASSED [ 32%]
tests/core/test_camera_identity.py::test_identity_survives_index_reorder_same_port PASSED [ 32%]
tests/core/test_camera_identity.py::test_same_name_different_physical_cameras_are_distinguished PASSED [ 32%]
tests/core/test_camera_identity.py::test_real_serial_wins_over_vid_pid_location PASSED [ 33%]
tests/core/test_camera_identity.py::test_no_matching_pnp_entry_falls_back_to_name_index PASSED [ 33%]
tests/core/test_camera_identity.py::test_more_directshow_indices_than_present_pnp_entries_fall_back_individually PASSED [ 33%]
tests/core/test_camera_identity.py::test_resolve_current_index_finds_relocated_camera PASSED [ 33%]
tests/core/test_camera_identity.py::test_resolve_current_index_returns_none_when_not_present PASSED [ 33%]
tests/core/test_camera_open.py::test_multiple_cameras_configured_before_first_read PASSED [ 33%]
tests/core/test_camera_open.py::test_native_fallback_is_validated_and_failed_handle_released PASSED [ 34%]
tests/core/test_camera_open.py::test_open_capture_rejects_mjpg_profile_when_device_silently_delivers_native_format PASSED [ 34%]
tests/core/test_camera_open.py::test_all_failed_candidates_return_closed_capture PASSED [ 34%]
tests/core/test_camera_open.py::test_open_capture_low_bandwidth_only_skips_the_two_largest_profiles PASSED [ 34%]
tests/core/test_camera_open.py::test_open_capture_low_bandwidth_only_defaults_to_false PASSED [ 34%]
tests/core/test_camera_open.py::test_second_camera_worker_requests_low_bandwidth_profile_while_first_is_active PASSED [ 34%]
tests/core/test_camera_open.py::test_active_camera_count_never_goes_negative_on_double_release PASSED [ 35%]
tests/core/test_camera_open.py::test_worker_does_not_reconfigure_validated_stream PASSED [ 35%]
tests/core/test_camera_open.py::test_busy_initializer_does_not_open_another_device PASSED [ 35%]
tests/core/test_camera_open.py::test_is_capture_open_reflects_cap_state PASSED [ 35%]
tests/core/test_camera_open.py::test_request_immediate_retry_lets_the_very_next_attempt_through PASSED [ 35%]
tests/core/test_camera_open.py::test_reopen_backoff_grows_on_repeated_failure PASSED [ 35%]
tests/core/test_camera_open.py::test_reopen_backoff_resets_on_success PASSED [ 36%]
tests/core/test_camera_open.py::test_reopen_does_not_retry_before_backoff_elapses PASSED [ 36%]
tests/core/test_camera_open.py::test_one_camera_failure_does_not_affect_another_workers_backoff PASSED [ 36%]
tests/core/test_camera_open.py::test_usb_streaming_resource_error_retry_never_substitutes_a_different_device PASSED [ 36%]
tests/core/test_camera_open.py::test_hardware_resource_error_on_one_camera_isolates_from_running_camera PASSED [ 36%]
tests/core/test_camera_open.py::test_discover_cameras_never_opens_skipped_builtin_index PASSED [ 36%]
tests/core/test_camera_open.py::test_open_capture_refuses_reconnect_when_index_now_identifies_as_builtin PASSED [ 37%]
tests/core/test_camera_open.py::test_open_capture_refuses_virtual_camera_unconditionally PASSED [ 37%]
tests/core/test_camera_open.py::test_forbidden_device_name_resolves_current_name_at_index PASSED [ 37%]
tests/core/test_camera_open.py::test_open_capture_proceeds_normally_for_a_non_forbidden_name PASSED [ 37%]
tests/core/test_camera_open.py::test_looks_like_noise_rejects_independent_random_pixels PASSED [ 37%]
tests/core/test_camera_open.py::test_looks_like_noise_accepts_a_real_looking_image PASSED [ 37%]
tests/core/test_camera_open.py::test_looks_like_noise_accepts_a_near_black_frame PASSED [ 38%]
tests/core/test_camera_open.py::test_looks_like_noise_rejects_a_partial_garbage_band PASSED [ 38%]
tests/core/test_camera_open.py::test_looks_like_noise_rejects_multiple_thin_garbage_bands PASSED [ 38%]
tests/core/test_camera_open.py::test_looks_like_noise_accepts_a_sharp_real_world_edge PASSED [ 38%]
tests/core/test_camera_open.py::test_looks_like_noise_accepts_horizontal_blinds_pattern PASSED [ 38%]
tests/core/test_camera_open.py::test_looks_like_noise_rejects_channel_decorrelated_garbage_within_roughness_range PASSED [ 38%]
tests/core/test_camera_open.py::test_looks_like_noise_accepts_real_photos_with_similar_roughness_to_the_garbage_case PASSED [ 38%]
tests/core/test_camera_open.py::test_read_with_warmup_rejects_noise_and_keeps_retrying PASSED [ 39%]
tests/core/test_camera_open.py::test_camera_worker_treats_mid_stream_noise_as_a_dropped_frame PASSED [ 39%]
tests/core/test_camera_open.py::test_camera_worker_treats_banded_garbage_as_a_dropped_frame PASSED [ 39%]
tests/core/test_camera_physical_identity_perf.py::test_resolve_physical_id_does_not_block_the_caller PASSED [ 39%]
tests/core/test_camera_physical_identity_perf.py::test_cached_physical_camera_identities_collapses_repeated_calls PASSED [ 39%]
tests/core/test_camera_physical_identity_perf.py::test_cached_physical_camera_identities_refreshes_after_ttl PASSED [ 39%]
tests/core/test_camera_worker_global_id_overlay.py::test_appends_global_id_when_resolver_confirms_a_match PASSED [ 40%]
tests/core/test_camera_worker_global_id_overlay.py::test_label_unchanged_when_no_resolver_configured PASSED [ 40%]
tests/core/test_camera_worker_global_id_overlay.py::test_label_unchanged_when_reid_has_not_matched_this_track_yet PASSED [ 40%]
tests/core/test_camera_worker_global_id_overlay.py::test_only_matching_person_box_is_relabeled_not_product_boxes PASSED [ 40%]
tests/core/test_camera_worker_global_id_overlay.py::test_multiple_people_each_get_their_own_global_id PASSED [ 40%]
tests/core/test_camera_worker_global_id_overlay.py::test_empty_visible_tracks_is_a_noop PASSED [ 40%]
tests/core/test_camera_worker_global_id_overlay.py::test_resolver_exception_never_breaks_the_label PASSED [ 41%]
tests/core/test_camera_worker_physical_identity.py::test_resolve_physical_id_stores_identity_for_numeric_device PASSED [ 41%]
tests/core/test_camera_worker_physical_identity.py::test_resolve_physical_id_noop_for_non_index_device PASSED [ 41%]
tests/core/test_camera_worker_physical_identity.py::test_resolve_physical_id_noop_when_index_not_found PASSED [ 41%]
tests/core/test_camera_worker_physical_identity.py::test_resolve_physical_id_never_raises_on_backend_failure PASSED [ 41%]
tests/core/test_camera_worker_physical_identity.py::test_relocate_updates_device_when_physical_camera_moved_index PASSED [ 41%]
tests/core/test_camera_worker_physical_identity.py::test_relocate_leaves_device_unchanged_when_still_at_same_index PASSED [ 42%]
tests/core/test_camera_worker_physical_identity.py::test_relocate_leaves_device_unchanged_when_camera_not_present PASSED [ 42%]
tests/core/test_camera_worker_physical_identity.py::test_relocate_never_raises_on_backend_failure PASSED [ 42%]
tests/core/test_camera_worker_physical_identity.py::test_relocate_refuses_when_old_index_now_a_different_known_camera PASSED [ 42%]
tests/core/test_camera_worker_physical_identity.py::test_relocate_allows_open_when_identity_data_unavailable PASSED [ 42%]
tests/core/test_camera_worker_physical_identity.py::test_relocate_allows_open_when_still_the_same_camera PASSED [ 42%]
tests/core/test_camera_worker_physical_identity.py::test_open_does_not_open_device_when_relocate_detects_substitution PASSED [ 43%]
tests/core/test_camera_worker_physical_identity.py::test_first_ever_connect_does_not_attempt_relocation PASSED [ 43%]
tests/core/test_camera_worker_physical_identity.py::test_worker_starts_with_no_physical_id PASSED [ 43%]
tests/core/test_camera_worker_physical_identity.py::test_offline_message_flags_resource_conflict_when_device_still_enumerates PASSED [ 43%]
tests/core/test_camera_worker_physical_identity.py::test_offline_message_falls_back_to_not_found_when_device_absent PASSED [ 43%]
tests/core/test_camera_worker_physical_identity.py::test_offline_message_falls_back_for_non_index_device PASSED [ 43%]
tests/core/test_camera_worker_physical_identity.py::test_offline_message_never_raises_on_backend_failure PASSED [ 44%]
tests/core/test_database_guard.py::test_init_db_refuses_production_path PASSED [ 44%]
tests/core/test_database_guard.py::test_connect_refuses_production_path PASSED [ 44%]
tests/core/test_database_guard.py::test_isolated_tmp_path_is_unaffected PASSED [ 44%]
tests/core/test_delete_scope_data.py::test_no_scope_and_no_confirm_all_raises PASSED [ 44%]
tests/core/test_delete_scope_data.py::test_booth_only_scope_leaves_other_booths_and_config_intact PASSED [ 44%]
tests/core/test_delete_scope_data.py::test_event_only_scope PASSED       [ 45%]
tests/core/test_delete_scope_data.py::test_date_only_scope PASSED        [ 45%]
tests/core/test_delete_scope_data.py::test_confirm_all_wipes_every_scope PASSED [ 45%]
tests/core/test_delete_scope_data.py::test_combined_booth_and_date_scope PASSED [ 45%]
tests/core/test_device.py::test_cuda_unavailable_falls_back_to_cpu PASSED [ 45%]
tests/core/test_device.py::test_cuda_enumerates_but_context_creation_fails_falls_back_to_cpu PASSED [ 45%]
tests/core/test_device.py::test_cuda_available_and_working_returns_cuda_index PASSED [ 46%]
tests/core/test_device.py::test_cuda_available_wins_over_directml_even_if_installed PASSED [ 46%]
tests/core/test_device.py::test_cuda_unavailable_falls_back_to_directml_when_available PASSED [ 46%]
tests/core/test_device.py::test_neither_cuda_nor_directml_available_falls_back_to_cpu PASSED [ 46%]
tests/core/test_device.py::test_directml_import_failure_falls_back_to_cpu PASSED [ 46%]
tests/core/test_device.py::test_cuda_exception_then_directml_available_picks_directml PASSED [ 46%]
tests/core/test_device.py::test_cuda_exception_then_directml_also_fails_falls_back_to_cpu PASSED [ 46%]
tests/core/test_device.py::test_device_label_cpu PASSED                  [ 47%]
tests/core/test_device.py::test_device_label_cuda_index PASSED           [ 47%]
tests/core/test_device.py::test_device_label_directml PASSED             [ 47%]
tests/core/test_device.py::test_device_backend_cpu PASSED                [ 47%]
tests/core/test_device.py::test_device_backend_cuda PASSED               [ 47%]
tests/core/test_device.py::test_device_backend_directml PASSED           [ 47%]
tests/core/test_interest_tracker.py::test_released_before_2_seconds_produces_no_event_at_all PASSED [ 48%]
tests/core/test_interest_tracker.py::test_exactly_2_seconds_confirms_while_still_held PASSED [ 48%]
tests/core/test_interest_tracker.py::test_more_than_2_seconds_confirms PASSED [ 48%]
tests/core/test_interest_tracker.py::test_still_holding_after_confirm_does_not_refire_or_duplicate PASSED [ 48%]
tests/core/test_interest_tracker.py::test_release_after_confirm_produces_exactly_one_finalized_event PASSED [ 48%]
tests/core/test_interest_tracker.py::test_cancel_before_confirmation_leaves_no_trace PASSED [ 48%]
tests/core/test_interest_tracker.py::test_person_walks_away_without_product_moving_is_no_interest PASSED [ 49%]
tests/core/test_interest_tracker.py::test_product_moves_without_any_person_is_not_customer_interest PASSED [ 49%]
tests/core/test_interest_tracker.py::test_camera_jitter_does_not_confirm_interest PASSED [ 49%]
tests/core/test_interest_tracker.py::test_event_dedup_across_many_polls_while_confirming_and_held PASSED [ 49%]
tests/core/test_interest_tracker.py::test_multiple_person_test_only_actual_holder_is_attributed PASSED [ 49%]
tests/core/test_interest_tracker.py::test_multiple_product_test_only_touched_product_gets_an_event PASSED [ 49%]
tests/core/test_interest_tracker.py::test_multi_camera_isolation PASSED  [ 50%]
tests/core/test_interest_tracker.py::test_handoff_to_a_different_holder_before_confirmation_drops_silently PASSED [ 50%]
tests/core/test_interest_tracker.py::test_handoff_after_confirmation_finalizes_the_first_holder PASSED [ 50%]
tests/core/test_interest_tracker.py::test_live_states_reports_possible_interaction_then_confirmed PASSED [ 50%]
tests/core/test_performance.py::test_detect_hardware_never_raises_and_returns_sane_defaults PASSED [ 50%]
tests/core/test_performance.py::test_camera_snapshot_defaults_for_unknown_camera PASSED [ 50%]
tests/core/test_performance.py::test_record_capture_tracks_fps_and_drop_rate PASSED [ 51%]
tests/core/test_performance.py::test_record_display_tracks_latency PASSED [ 51%]
tests/core/test_performance.py::test_record_ai_tracks_ai_fps_and_latency PASSED [ 51%]
tests/core/test_performance.py::test_forget_camera_removes_it_from_snapshot PASSED [ 51%]
tests/core/test_performance.py::test_memory_is_bounded_regardless_of_event_count PASSED [ 51%]
tests/core/test_performance.py::test_system_snapshot_never_raises PASSED [ 51%]
tests/core/test_performance.py::test_format_benchmark_report_contains_camera_and_system_lines PASSED [ 52%]
tests/core/test_performance.py::test_adaptive_config_from_dict_rejects_unknown_fields PASSED [ 52%]
tests/core/test_performance.py::test_adaptive_config_from_dict_normalizes_imgsz_levels PASSED [ 52%]
tests/core/test_performance.py::test_load_adaptive_config_reads_json_file PASSED [ 52%]
tests/core/test_performance.py::test_load_adaptive_config_missing_file_raises_value_error PASSED [ 52%]
tests/core/test_performance.py::test_adaptive_config_from_dict_ignores_underscore_prefixed_comment_keys PASSED [ 52%]
tests/core/test_performance.py::test_shipped_performance_example_config_loads_successfully PASSED [ 53%]
tests/core/test_performance.py::test_adaptive_controller_reduces_inference_rate_before_resolution PASSED [ 53%]
tests/core/test_performance.py::test_adaptive_controller_reduces_resolution_once_rate_is_maxed PASSED [ 53%]
tests/core/test_performance.py::test_adaptive_controller_marks_degraded_only_once_every_lever_exhausted PASSED [ 53%]
tests/core/test_performance.py::test_adaptive_controller_restores_settings_once_load_normal PASSED [ 53%]
tests/core/test_performance.py::test_adaptive_controller_ignores_camera_with_too_few_samples PASSED [ 53%]
tests/core/test_performance.py::test_adaptive_controller_does_not_throttle_on_drop_rate_alone PASSED [ 53%]
tests/core/test_performance.py::test_adaptive_controller_disabled_does_nothing_when_run PASSED [ 54%]
tests/core/test_performance.py::test_ai_pause_requires_sustained_high_cpu_then_resumes_after_sustained_low PASSED [ 54%]
tests/core/test_performance.py::test_ai_pause_is_noop_without_an_ai_worker PASSED [ 54%]
tests/core/test_person_attributes_db.py::test_upsert_person_attributes_insert_then_update PASSED [ 54%]
tests/core/test_person_attributes_db.py::test_attribute_breakdown_separates_unknown_bucket PASSED [ 54%]
tests/core/test_person_attributes_db.py::test_attribute_breakdown_scoped_by_booth PASSED [ 54%]
tests/core/test_person_attributes_db.py::test_person_attributes_wiped_by_delete_scope_data PASSED [ 55%]
tests/core/test_person_attributes_db.py::test_tripwire_crossing_attribute_snapshot_round_trips PASSED [ 55%]
tests/core/test_person_attributes_db.py::test_tripwire_crossing_without_snapshot_has_null_column PASSED [ 55%]
tests/core/test_person_attributes_db.py::test_one_crossing_stays_one_row_with_or_without_snapshot PASSED [ 55%]
tests/core/test_product_interest_analytics.py::test_log_product_hold_event_stores_attribution PASSED [ 55%]
tests/core/test_product_interest_analytics.py::test_log_product_hold_event_without_attribution_is_null PASSED [ 55%]
tests/core/test_product_interest_analytics.py::test_product_movers_reports_unique_persons_separately_from_mover_count PASSED [ 56%]
tests/core/test_product_interest_analytics.py::test_product_interest_summary_counts_and_scopes_correctly PASSED [ 56%]
tests/core/test_product_interest_analytics.py::test_product_interest_summary_omits_products_with_no_holds PASSED [ 56%]
tests/core/test_product_interest_analytics.py::test_product_gender_matrix PASSED [ 56%]
tests/core/test_product_interest_analytics.py::test_product_age_matrix PASSED [ 56%]
tests/core/test_product_interest_analytics.py::test_gender_interest_totals PASSED [ 56%]
tests/core/test_product_interest_analytics.py::test_age_interest_totals PASSED [ 57%]
tests/core/test_product_interest_analytics.py::test_interest_overview PASSED [ 57%]
tests/core/test_product_interest_analytics.py::test_analytics_scoped_by_booth PASSED [ 57%]
tests/core/test_product_interest_lifecycle_db.py::test_open_product_interest_event_writes_confirmed_status PASSED [ 57%]
tests/core/test_product_interest_lifecycle_db.py::test_finalize_overwrites_only_end_of_interaction_fields PASSED [ 57%]
tests/core/test_product_interest_lifecycle_db.py::test_finalize_on_unknown_row_id_is_a_no_op PASSED [ 57%]
tests/core/test_product_interest_lifecycle_db.py::test_legacy_insert_at_release_rows_default_to_finalized_status PASSED [ 58%]
tests/core/test_product_interest_lifecycle_db.py::test_analytics_count_open_and_finalized_rows_together PASSED [ 58%]
tests/core/test_product_interest_lifecycle_db.py::test_camera_filter_on_interest_analytics PASSED [ 58%]
tests/core/test_race_isolation.py::test_attribute_result_has_no_race_field PASSED [ 58%]
tests/core/test_race_isolation.py::test_global_person_attribute_smoother_add_sample_rejects_race_kwarg PASSED [ 58%]
tests/core/test_race_isolation.py::test_interest_tracker_update_has_no_race_parameter PASSED [ 58%]
tests/core/test_race_isolation.py::test_log_product_hold_event_rejects_race_kwarg PASSED [ 59%]
tests/core/test_race_isolation.py::test_open_product_interest_event_rejects_race_kwarg PASSED [ 59%]
tests/core/test_race_isolation.py::test_interest_analytics_sql_never_references_race[query_gender_interest_totals] PASSED [ 59%]
tests/core/test_race_isolation.py::test_interest_analytics_sql_never_references_race[query_age_interest_totals] PASSED [ 59%]
tests/core/test_race_isolation.py::test_interest_analytics_sql_never_references_race[query_product_gender_matrix] PASSED [ 59%]
tests/core/test_race_isolation.py::test_interest_analytics_sql_never_references_race[query_product_age_matrix] PASSED [ 59%]
tests/core/test_race_isolation.py::test_interest_analytics_sql_never_references_race[query_interest_overview] PASSED [ 60%]
tests/core/test_race_isolation.py::test_interest_analytics_sql_never_references_race[query_product_interest_summary] PASSED [ 60%]
tests/core/test_race_isolation.py::test_interest_analytics_sql_never_references_race[query_product_movers] PASSED [ 60%]
tests/core/test_race_isolation.py::test_fairface_backend_race_logits_are_sliced_off_and_never_returned PASSED [ 60%]
tests/core/test_race_isolation.py::test_predict_gender_and_predict_age_group_never_expose_race PASSED [ 60%]
tests/core/test_race_isolation.py::test_race_unknown_does_not_crash_attribute_smoothing PASSED [ 60%]
tests/core/test_race_isolation.py::test_race_missing_does_not_crash_age_category_mapping PASSED [ 61%]
tests/core/test_race_isolation.py::test_same_interest_decision_regardless_of_which_person_holds_it PASSED [ 61%]
tests/core/test_recognizer_gpu_fallback.py::test_gpu_move_failure_falls_back_to_cpu_without_crashing PASSED [ 61%]
tests/core/test_recognizer_gpu_fallback.py::test_cpu_device_construction_succeeds PASSED [ 61%]
tests/core/test_reid.py::test_same_appearance_different_camera_same_global_id PASSED [ 61%]
tests/core/test_reid.py::test_similar_but_distinct_people_not_auto_merged PASSED [ 61%]
tests/core/test_reid.py::test_unknown_person_not_force_matched PASSED    [ 61%]
tests/core/test_reid.py::test_multi_camera_dedup_counts_unique_people PASSED [ 62%]
tests/core/test_reid.py::test_local_track_id_never_assumed_same_person_across_cameras PASSED [ 62%]
tests/core/test_reid.py::test_implausible_camera_transition_rejected_even_if_similar PASSED [ 62%]
tests/core/test_reid.py::test_plausible_camera_transition_within_topology_window_matches PASSED [ 62%]
tests/core/test_reid.py::test_forgotten_local_track_can_rematch_same_global_person PASSED [ 62%]
tests/core/test_reid.py::test_already_mapped_local_track_refines_not_rematches PASSED [ 62%]
tests/core/test_reid.py::test_embedding_memory_capped_per_person PASSED  [ 63%]
tests/core/test_reid.py::test_sampler_gates_new_track_until_min_age PASSED [ 63%]
tests/core/test_reid.py::test_sampler_gates_small_bbox PASSED            [ 63%]
tests/core/test_reid.py::test_sampler_throttles_repeat_embeds PASSED     [ 63%]
tests/core/test_reid.py::test_sampler_forget_clears_throttle_state PASSED [ 63%]
tests/core/test_tracker.py::test_no_categories_passed_reports_unknown PASSED [ 63%]
tests/core/test_tracker.py::test_single_category_is_reported PASSED      [ 64%]
tests/core/test_tracker.py::test_majority_category_wins_over_noise PASSED [ 64%]
tests/core/test_tracker.py::test_unknown_frames_never_outvote_a_confident_category PASSED [ 64%]
tests/core/test_tracker.py::test_evicted_track_carries_its_final_category PASSED [ 64%]
tests/core/test_tripwire.py::test_outside_to_inside_counts_in PASSED     [ 64%]
tests/core/test_tripwire.py::test_inside_to_outside_counts_out PASSED    [ 64%]
tests/core/test_tripwire.py::test_single_frame_flip_does_not_count_needs_confirmation PASSED [ 65%]
tests/core/test_tripwire.py::test_walking_parallel_to_line_never_counted PASSED [ 65%]
tests/core/test_tripwire.py::test_standing_on_line_does_not_double_count PASSED [ 65%]
tests/core/test_tripwire.py::test_same_person_across_many_frames_counted_once PASSED [ 65%]
tests/core/test_tripwire.py::test_temporary_track_gap_does_not_create_duplicate PASSED [ 65%]
tests/core/test_tripwire.py::test_real_eviction_forgets_track_state_cleanly PASSED [ 65%]
tests/core/test_tripwire.py::test_line_position_stable_across_resolution_change PASSED [ 66%]
tests/core/test_tripwire.py::test_multiple_cameras_have_independent_counters PASSED [ 66%]
tests/core/test_tripwire.py::test_no_line_configured_is_inert PASSED     [ 66%]
tests/core/test_tripwire.py::test_disabled_line_is_inert PASSED          [ 66%]
tests/core/test_tripwire.py::test_reconfiguring_line_resets_side_memory_not_counts PASSED [ 66%]
tests/core/test_tripwire.py::test_too_small_bbox_never_counted PASSED    [ 66%]
tests/core/test_tripwire.py::test_too_new_track_gated_until_it_ages PASSED [ 67%]
tests/core/test_tripwire.py::test_current_inside_never_negative PASSED   [ 67%]
tests/core/test_vision.py::test_no_backend_keeps_neutral_person_color PASSED [ 67%]
tests/core/test_vision.py::test_confident_female_prediction_colors_box_red PASSED [ 67%]
tests/core/test_vision.py::test_confident_male_prediction_colors_box_blue PASSED [ 67%]
tests/core/test_vision.py::test_low_confidence_prediction_stays_neutral PASSED [ 67%]
tests/core/test_vision.py::test_unrecognized_label_stays_neutral PASSED  [ 68%]
tests/core/test_vision.py::test_backend_exception_falls_back_to_neutral_instead_of_crashing PASSED [ 68%]
tests/core/test_vision.py::test_confident_child_age_colors_box_amber_and_overrides_gender PASSED [ 68%]
tests/core/test_vision.py::test_low_confidence_age_falls_back_to_gender PASSED [ 68%]
tests/core/test_vision.py::test_confident_non_child_age_group_falls_back_to_gender PASSED [ 68%]
tests/core/test_vision.py::test_backend_supplied_child_age_groups_override_the_default_bucket_names PASSED [ 68%]
tests/core/test_vision.py::test_backend_without_child_age_groups_uses_default_bucket_names PASSED [ 69%]
tests/vision/test_attributes.py::test_dominant_color_solid PASSED        [ 69%]
tests/vision/test_attributes.py::test_dominant_color_mixed_is_low_confidence PASSED [ 69%]
tests/vision/test_attributes.py::test_dominant_color_empty PASSED        [ 69%]
tests/vision/test_attributes.py::test_extractor_reads_shirt_and_pants_color PASSED [ 69%]
tests/vision/test_attributes.py::test_extractor_tiny_crop_returns_unknowns PASSED [ 69%]
tests/vision/test_attributes.py::test_extractor_uses_gender_age_backend_when_present PASSED [ 69%]
tests/vision/test_attributes.py::test_attributes_to_dict_and_known_items PASSED [ 70%]
tests/vision/test_attributes.py::test_config_rejects_unknown_field PASSED [ 70%]
tests/vision/test_attributes.py::test_aggregator_majority_vote_and_mean PASSED [ 70%]
tests/vision/test_booth_analytics.py::test_observe_person_produces_world_position_and_zone PASSED [ 70%]
tests/vision/test_booth_analytics.py::test_unknown_camera_yields_no_position PASSED [ 70%]
tests/vision/test_booth_analytics.py::test_movement_path_and_traffic_heatmap_accumulate PASSED [ 70%]
tests/vision/test_booth_analytics.py::test_interest_events_emitted_for_dwelling_person PASSED [ 71%]
tests/vision/test_booth_analytics.py::test_heatmap_bad_kind PASSED       [ 71%]
tests/vision/test_booth_analytics.py::test_analytics_without_layout_still_maps_positions PASSED [ 71%]
tests/vision/test_detector.py::test_returns_person_detections_with_expected_fields PASSED [ 71%]
tests/vision/test_detector.py::test_non_person_classes_are_filtered_out PASSED [ 71%]
tests/vision/test_detector.py::test_low_confidence_boxes_dropped PASSED  [ 71%]
tests/vision/test_detector.py::test_boxes_mapped_back_to_original_resolution PASSED [ 72%]
tests/vision/test_detector.py::test_empty_result_returns_empty_list PASSED [ 72%]
tests/vision/test_detector.py::test_detect_defaults_timestamp_to_now PASSED [ 72%]
tests/vision/test_detector.py::test_person_class_id_validated_against_model_names PASSED [ 72%]
tests/vision/test_detector.py::test_warmup_runs_one_inference PASSED     [ 72%]
tests/vision/test_detector.py::test_detection_geometry_helpers PASSED    [ 72%]
tests/vision/test_detector.py::test_resolve_device_explicit_passthrough PASSED [ 73%]
tests/vision/test_detector.py::test_resolve_device_auto_returns_cpu_or_cuda PASSED [ 73%]
tests/vision/test_detector.py::test_config_from_dict_rejects_unknown_field PASSED [ 73%]
tests/vision/test_detector.py::test_config_load_from_file PASSED         [ 73%]
tests/vision/test_evaluation.py::test_detection_perfect PASSED           [ 73%]
tests/vision/test_evaluation.py::test_detection_with_fp_and_fn PASSED    [ 73%]
tests/vision/test_evaluation.py::test_tracking_no_switches PASSED        [ 74%]
tests/vision/test_evaluation.py::test_tracking_counts_id_switch PASSED   [ 74%]
tests/vision/test_evaluation.py::test_counting_metrics PASSED            [ 74%]
tests/vision/test_evaluation.py::test_matching_metrics_detects_wrong_and_missed_merges PASSED [ 74%]
tests/vision/test_frame.py::test_downscale_preserves_aspect_ratio PASSED [ 74%]
tests/vision/test_frame.py::test_downscale_limited_by_width PASSED       [ 74%]
tests/vision/test_frame.py::test_small_frame_passes_through_untouched PASSED [ 75%]
tests/vision/test_frame.py::test_to_original_round_trips_a_box PASSED    [ 75%]
tests/vision/test_frame.py::test_to_original_clamps_to_frame_bounds PASSED [ 75%]
tests/vision/test_frame.py::test_invalid_config_rejected PASSED          [ 75%]
tests/vision/test_frame.py::test_processed_frame_to_original_with_unit_scale PASSED [ 75%]
tests/vision/test_identity.py::test_temporal_feasibility_windows PASSED  [ 75%]
tests/vision/test_identity.py::test_spatial_feasibility_graph PASSED     [ 76%]
tests/vision/test_identity.py::test_topology_load PASSED                 [ 76%]
tests/vision/test_identity.py::test_matcher_scores_similar_high_dissimilar_low PASSED [ 76%]
tests/vision/test_identity.py::test_matcher_single_signal_cannot_reach_match PASSED [ 76%]
tests/vision/test_identity.py::test_matcher_hard_temporal_reject PASSED  [ 76%]
tests/vision/test_identity.py::test_first_track_creates_person PASSED    [ 76%]
tests/vision/test_identity.py::test_same_person_across_cameras_is_merged PASSED [ 76%]
tests/vision/test_identity.py::test_different_people_stay_separate PASSED [ 77%]
tests/vision/test_identity.py::test_uncertain_creates_new_person_with_link PASSED [ 77%]
tests/vision/test_identity.py::test_resubmitting_same_track_merges_not_duplicates PASSED [ 77%]
tests/vision/test_identity.py::test_ttl_prunes_stale_persons PASSED      [ 77%]
tests/vision/test_identity.py::test_camera_person_counts PASSED          [ 77%]
tests/vision/test_interest.py::test_headpose_without_backend_is_unknown PASSED [ 77%]
tests/vision/test_interest.py::test_body_orientation_from_motion PASSED  [ 78%]
tests/vision/test_interest.py::test_facing_score PASSED                  [ 78%]
tests/vision/test_interest.py::test_interaction_contact_only_is_possible PASSED [ 78%]
tests/vision/test_interest.py::test_interaction_contact_plus_movement_confirms PASSED [ 78%]
tests/vision/test_interest.py::test_interaction_no_contact_is_unknown PASSED [ 78%]
tests/vision/test_interest.py::test_short_glance_is_not_interest PASSED  [ 78%]
tests/vision/test_interest.py::test_sustained_engagement_is_high_interest PASSED [ 79%]
tests/vision/test_interest.py::test_high_interest_needs_multiple_signals PASSED [ 79%]
tests/vision/test_interest.py::test_session_staleness PASSED             [ 79%]
tests/vision/test_interest.py::test_association_prefers_nearer_zone PASSED [ 79%]
tests/vision/test_interest.py::test_association_none_when_far_from_everything PASSED [ 79%]
tests/vision/test_pipeline.py::test_detections_reach_callback_and_latest PASSED [ 79%]
tests/vision/test_pipeline.py::test_same_frame_index_not_reprocessed PASSED [ 80%]
tests/vision/test_pipeline.py::test_pacing_limits_processing_rate PASSED [ 80%]
tests/vision/test_pipeline.py::test_multiple_cameras_all_processed PASSED [ 80%]
tests/vision/test_pipeline.py::test_stats_report_detection_count_and_latency PASSED [ 80%]
tests/vision/test_pipeline.py::test_callback_exception_does_not_kill_pipeline PASSED [ 80%]
tests/vision/test_pipeline.py::test_pipeline_with_tracker_assigns_track_ids_and_emits_result PASSED [ 80%]
tests/vision/test_pipeline.py::test_full_person_pipeline_reidentifies_across_cameras PASSED [ 81%]
tests/vision/test_pipeline.py::test_pipeline_rejects_feature_store_without_tracker PASSED [ 81%]
tests/vision/test_pipeline.py::test_stop_is_clean_and_idempotent PASSED  [ 81%]
tests/vision/test_pipeline.py::test_pipeline_consumes_real_camera_gateway PASSED [ 81%]
tests/vision/test_product.py::test_gi_database_lookup PASSED             [ 81%]
tests/vision/test_product.py::test_gi_database_rejects_unknown_field PASSED [ 81%]
tests/vision/test_product.py::test_gi_database_duplicate_id PASSED       [ 82%]
tests/vision/test_product.py::test_classifier_empty_gallery_is_unknown PASSED [ 82%]
tests/vision/test_product.py::test_classifier_known_vs_unknown PASSED    [ 82%]
tests/vision/test_product.py::test_classifier_close_call_is_possible PASSED [ 82%]
tests/vision/test_product.py::test_product_tracker_stable_ids PASSED     [ 82%]
tests/vision/test_product.py::test_product_tracker_ages_out PASSED       [ 82%]
tests/vision/test_product.py::test_product_module_end_to_end PASSED      [ 83%]
tests/vision/test_reid.py::test_l2_normalize_and_cosine PASSED           [ 83%]
tests/vision/test_reid.py::test_color_backend_same_crop_matches_itself PASSED [ 83%]
tests/vision/test_reid.py::test_color_backend_distinguishes_colors PASSED [ 83%]
tests/vision/test_reid.py::test_assess_crop_rejects_tiny PASSED          [ 83%]
tests/vision/test_reid.py::test_assess_crop_rejects_flat_blurry PASSED   [ 83%]
tests/vision/test_reid.py::test_assess_crop_accepts_reasonable PASSED    [ 84%]
tests/vision/test_reid.py::test_extractor_color_backend_embed_and_gate PASSED [ 84%]
tests/vision/test_reid.py::test_build_backend_color PASSED               [ 84%]
tests/vision/test_reid.py::test_track_embedding_aggregator_keeps_best_and_averages PASSED [ 84%]
tests/vision/test_reid.py::test_aggregator_empty_representative_is_none PASSED [ 84%]
tests/vision/test_reid.py::test_osnet_architecture_forward_shape_and_determinism PASSED [ 84%]
tests/vision/test_reid.py::test_osnet_backend_requires_weights PASSED    [ 84%]
tests/vision/test_spatial.py::test_calibration_pixel_to_world_round_trip PASSED [ 85%]
tests/vision/test_spatial.py::test_calibration_needs_four_points PASSED  [ 85%]
tests/vision/test_spatial.py::test_calibration_store_save_load PASSED    [ 85%]
tests/vision/test_spatial.py::test_booth_object_contains_and_distance PASSED [ 85%]
tests/vision/test_spatial.py::test_booth_object_rejects_bad_type PASSED  [ 85%]
tests/vision/test_spatial.py::test_booth_layout_zone_lookup_and_versioning PASSED [ 85%]
tests/vision/test_spatial.py::test_booth_layout_dict_round_trip PASSED   [ 86%]
tests/vision/test_spatial.py::test_world_mapper_locates_foot_point_in_zone PASSED [ 86%]
tests/vision/test_spatial.py::test_world_mapper_rejects_impossible_jump PASSED [ 86%]
tests/vision/test_spatial.py::test_world_mapper_unknown_camera_returns_none PASSED [ 86%]
tests/vision/test_spatial.py::test_foot_point PASSED                     [ 86%]
tests/vision/test_spatial.py::test_heatmap_accumulates_and_finds_hotspots PASSED [ 86%]
tests/vision/test_spatial.py::test_heatmap_time_window PASSED            [ 87%]
tests/vision/test_spatial.py::test_movement_path PASSED                  [ 87%]
tests/vision/test_track_features.py::test_observe_accumulates_and_build_summary PASSED [ 87%]
tests/vision/test_track_features.py::test_observe_is_rate_limited PASSED [ 87%]
tests/vision/test_track_features.py::test_low_quality_crop_contributes_no_embedding PASSED [ 87%]
tests/vision/test_track_features.py::test_pop_removes_entry PASSED       [ 87%]
tests/vision/test_tracking.py::test_bbox_measurement_round_trip PASSED   [ 88%]
tests/vision/test_tracking.py::test_kalman_predicts_motion_after_updates PASSED [ 88%]
tests/vision/test_tracking.py::test_iou_matrix_values PASSED             [ 88%]
tests/vision/test_tracking.py::test_greedy_match_pairs_best_first PASSED [ 88%]
tests/vision/test_tracking.py::test_greedy_match_respects_threshold PASSED [ 88%]
tests/vision/test_tracking.py::test_greedy_match_empty PASSED            [ 88%]
tests/vision/test_tracking.py::test_track_confirms_after_n_init_hits PASSED [ 89%]
tests/vision/test_tracking.py::test_track_tentative_dropped_on_miss PASSED [ 89%]
tests/vision/test_tracking.py::test_confirmed_track_goes_lost_then_removed PASSED [ 89%]
tests/vision/test_tracking.py::test_single_person_keeps_one_id PASSED    [ 89%]
tests/vision/test_tracking.py::test_detection_gets_local_track_id_assigned PASSED [ 89%]
tests/vision/test_tracking.py::test_short_occlusion_recovers_same_id PASSED [ 89%]
tests/vision/test_tracking.py::test_long_absence_gets_new_id PASSED      [ 90%]
tests/vision/test_tracking.py::test_low_confidence_detection_recovers_track PASSED [ 90%]
tests/vision/test_tracking.py::test_new_track_needs_confidence_above_threshold PASSED [ 90%]
tests/vision/test_tracking.py::test_two_people_keep_distinct_ids PASSED  [ 90%]
tests/vision/test_tracking.py::test_multi_camera_ids_are_independent PASSED [ 90%]
tests/vision/test_tracking.py::test_multi_camera_remove PASSED           [ 90%]
tests/web/test_booth_manager_attributes.py::test_no_attribute_backend_is_a_no_op PASSED [ 91%]
tests/web/test_booth_manager_attributes.py::test_attribute_analysis_writes_person_attributes_row PASSED [ 91%]
tests/web/test_booth_manager_attributes.py::test_low_confidence_prediction_stays_unknown PASSED [ 91%]
tests/web/test_booth_manager_attributes.py::test_same_global_person_across_two_cameras_shares_one_attribute_row PASSED [ 91%]
tests/web/test_booth_manager_attributes.py::test_tripwire_crossing_carries_attribute_snapshot_when_available PASSED [ 91%]
tests/web/test_booth_manager_attributes.py::test_tripwire_crossing_snapshot_is_none_without_attribute_backend PASSED [ 91%]
tests/web/test_booth_manager_attributes.py::test_local_track_id_never_used_as_global_person_id PASSED [ 92%]
tests/web/test_booth_manager_camera_snapshot.py::test_snapshot_with_no_data_is_all_zero PASSED [ 92%]
tests/web/test_booth_manager_camera_snapshot.py::test_snapshot_counts_people_by_category PASSED [ 92%]
tests/web/test_booth_manager_camera_snapshot.py::test_snapshot_treats_missing_category_as_unknown PASSED [ 92%]
tests/web/test_booth_manager_camera_snapshot.py::test_snapshot_counts_product_detections PASSED [ 92%]
tests/web/test_booth_manager_camera_snapshot.py::test_snapshot_is_scoped_to_its_own_camera PASSED [ 92%]
tests/web/test_booth_manager_camera_snapshot.py::test_snapshot_for_unknown_camera_id_is_empty_not_an_error PASSED [ 92%]
tests/web/test_booth_manager_camera_startup_stagger.py::test_start_stagger_sleeps_between_but_not_after_last_worker PASSED [ 93%]
tests/web/test_booth_manager_camera_startup_stagger.py::test_start_single_camera_never_sleeps PASSED [ 93%]
tests/web/test_booth_manager_camera_startup_stagger.py::test_hotplug_stagger_between_multiple_new_cameras_in_one_scan PASSED [ 93%]
tests/web/test_booth_manager_device_collision.py::test_dedupe_keeps_first_occurrence_and_drops_the_rest PASSED [ 93%]
tests/web/test_booth_manager_device_collision.py::test_dedupe_catches_int_vs_str_of_the_same_index PASSED [ 93%]
tests/web/test_booth_manager_device_collision.py::test_dedupe_never_touches_genuinely_different_devices PASSED [ 93%]
tests/web/test_booth_manager_device_collision.py::test_dedupe_handles_device_paths_case_insensitively PASSED [ 94%]
tests/web/test_booth_manager_device_collision.py::test_dedupe_empty_list PASSED [ 94%]
tests/web/test_booth_manager_device_collision.py::test_dedupe_catches_same_physical_camera_at_different_indices PASSED [ 94%]
tests/web/test_booth_manager_device_collision.py::test_dedupe_keeps_genuinely_different_physical_cameras PASSED [ 94%]
tests/web/test_booth_manager_device_collision.py::test_dedupe_ignores_physical_id_for_non_index_devices PASSED [ 94%]
tests/web/test_booth_manager_device_collision.py::test_add_camera_rejects_a_device_already_bound_to_another_camera_id PASSED [ 94%]
tests/web/test_booth_manager_device_collision.py::test_add_camera_rejects_int_vs_str_of_the_same_bound_device PASSED [ 95%]
tests/web/test_booth_manager_device_collision.py::test_add_camera_rejects_device_path_case_insensitively PASSED [ 95%]
tests/web/test_booth_manager_device_collision.py::test_add_camera_rejects_same_physical_camera_at_a_different_index PASSED [ 95%]
tests/web/test_booth_manager_device_collision.py::test_add_camera_allows_genuinely_different_physical_camera PASSED [ 95%]
tests/web/test_booth_manager_global_id_wiring.py::test_make_worker_passes_the_real_reid_registry_lookup PASSED [ 95%]
tests/web/test_booth_manager_gpu_status.py::test_gpu_status_reports_cuda_in_use PASSED [ 95%]
tests/web/test_booth_manager_gpu_status.py::test_gpu_status_reports_cpu_not_in_use PASSED [ 96%]
tests/web/test_booth_manager_gpu_status.py::test_gpu_status_reports_cpu_when_model_device_is_none PASSED [ 96%]
tests/web/test_booth_manager_hotplug.py::test_hotplug_nudges_disconnected_known_camera_instead_of_duplicating PASSED [ 96%]
tests/web/test_booth_manager_hotplug.py::test_hotplug_never_probes_index_of_a_live_camera PASSED [ 96%]
tests/web/test_booth_manager_hotplug.py::test_hotplug_adds_a_genuinely_new_camera PASSED [ 96%]
tests/web/test_booth_manager_hotplug.py::test_hotplug_ignores_manually_removed_usb_index PASSED [ 96%]
tests/web/test_booth_manager_interest_attribution.py::test_hold_event_without_reid_has_no_attribution PASSED [ 97%]
tests/web/test_booth_manager_interest_attribution.py::test_hold_event_snapshots_resolved_global_person_and_attributes PASSED [ 97%]
tests/web/test_booth_manager_interest_attribution.py::test_global_person_id_recorded_even_without_an_ok_attribute_profile PASSED [ 97%]
tests/web/test_booth_manager_sessions.py::test_entry_then_exit_opens_and_closes_a_booth_session_without_reid PASSED [ 97%]
tests/web/test_booth_manager_sessions.py::test_crossing_stores_resolved_global_person_id_when_reid_is_enabled PASSED [ 97%]
tests/web/test_booth_manager_sessions.py::test_duplicate_entry_across_two_cameras_does_not_open_a_second_session PASSED [ 97%]
tests/web/test_booth_manager_sessions.py::test_camera_switch_mid_visit_is_recorded_without_a_second_tripwire PASSED [ 98%]
tests/web/test_booth_manager_sessions.py::test_get_booth_session_status_reports_live_active_sessions PASSED [ 98%]
tests/web/test_booth_manager_tripwire.py::test_load_tripwire_reads_saved_config PASSED [ 98%]
tests/web/test_booth_manager_tripwire.py::test_crossing_is_logged_to_database_and_pushes_alert PASSED [ 98%]
tests/web/test_booth_manager_tripwire.py::test_no_configured_line_logs_nothing PASSED [ 98%]
tests/web/test_booth_manager_tripwire.py::test_overlay_pushed_to_camera_worker_on_load_and_on_crossing PASSED [ 98%]
tests/web/test_booth_manager_tripwire.py::test_remove_tripwire_clears_overlay_and_line PASSED [ 99%]
tests/web/test_booth_manager_tripwire.py::test_activate_booth_reloads_tripwire_for_new_booth_scope PASSED [ 99%]
tests/web/test_camera_settings.py::test_load_camera_settings_defaults_to_builtin_disabled_and_empty PASSED [ 99%]
tests/web/test_camera_settings.py::test_load_camera_settings_reads_configured_values PASSED [ 99%]
tests/web/test_camera_settings.py::test_compute_skip_excludes_builtin_by_current_name_not_stale_index PASSED [ 99%]
tests/web/test_camera_settings.py::test_compute_skip_allows_builtin_when_enabled PASSED [ 99%]
tests/web/test_camera_settings.py::test_compute_skip_with_no_identity_available_falls_back_to_configured_index PASSED [100%]

============================== warnings summary ===============================
.venv\Lib\site-packages\fastapi\testclient.py:1
  D:\mongdee2\MongDee\.venv\Lib\site-packages\fastapi\testclient.py:1: StarletteDeprecationWarning: Using `httpx` with `starlette.testclient` is deprecated; install `httpx2` instead.
    from starlette.testclient import TestClient as TestClient  # noqa

.venv\Lib\site-packages\starlette\testclient.py:53
  D:\mongdee2\MongDee\.venv\Lib\site-packages\starlette\testclient.py:53: DeprecationWarning: The anyio.abc.BlockingPortal alias is deprecated, use anyio.from_thread.BlockingPortal instead.
    _PortalFactoryType = Callable[[], AbstractContextManager[anyio.abc.BlockingPortal]]

-- Docs: https://docs.pytest.org/en/stable/how-to/capture-warnings.html
========== 613 passed, 7 deselected, 2 warnings in 315.04s (0:05:15) ==========
